0 info it worked if it ends with ok
1 verbose cli [ '/usr/local/bin/node', '/usr/local/bin/npm', 'run', 'feature' ]
2 info using npm@3.9.5
3 info using node@v6.2.2
4 verbose run-script [ 'prefeature', 'feature', 'postfeature' ]
5 info lifecycle chatroom-1@1.0.0~prefeature: chatroom-1@1.0.0
6 silly lifecycle chatroom-1@1.0.0~prefeature: no script for prefeature, continuing
7 info lifecycle chatroom-1@1.0.0~feature: chatroom-1@1.0.0
8 verbose lifecycle chatroom-1@1.0.0~feature: unsafe-perm in lifecycle true
9 verbose lifecycle chatroom-1@1.0.0~feature: PATH: /usr/local/lib/node_modules/npm/bin/node-gyp-bin:/Users/mikesausa/Documents/Turing/Projects/pomodoro/node_modules/.bin:/usr/local/bin:/Users/mikesausa/bin:/usr/local/bin:/usr/bin:/bin:/usr/sbin:/sbin
10 verbose lifecycle chatroom-1@1.0.0~feature: CWD: /Users/mikesausa/Documents/Turing/Projects/pomodoro
11 silly lifecycle chatroom-1@1.0.0~feature: Args: [ '-c', 'wdio wdio.conf.js' ]
12 silly lifecycle chatroom-1@1.0.0~feature: Returned: code: 1  signal: null
13 info lifecycle chatroom-1@1.0.0~feature: Failed to exec feature script
14 verbose stack Error: chatroom-1@1.0.0 feature: `wdio wdio.conf.js`
14 verbose stack Exit status 1
14 verbose stack     at EventEmitter.<anonymous> (/usr/local/lib/node_modules/npm/lib/utils/lifecycle.js:245:16)
14 verbose stack     at emitTwo (events.js:106:13)
14 verbose stack     at EventEmitter.emit (events.js:191:7)
14 verbose stack     at ChildProcess.<anonymous> (/usr/local/lib/node_modules/npm/lib/utils/spawn.js:24:14)
14 verbose stack     at emitTwo (events.js:106:13)
14 verbose stack     at ChildProcess.emit (events.js:191:7)
14 verbose stack     at maybeClose (internal/child_process.js:852:16)
14 verbose stack     at Process.ChildProcess._handle.onexit (internal/child_process.js:215:5)
15 verbose pkgid chatroom-1@1.0.0
16 verbose cwd /Users/mikesausa/Documents/Turing/Projects/pomodoro/Wireframes
17 error Darwin 15.3.0
18 error argv "/usr/local/bin/node" "/usr/local/bin/npm" "run" "feature"
19 error node v6.2.2
20 error npm  v3.9.5
21 error code ELIFECYCLE
22 error chatroom-1@1.0.0 feature: `wdio wdio.conf.js`
22 error Exit status 1
23 error Failed at the chatroom-1@1.0.0 feature script 'wdio wdio.conf.js'.
23 error Make sure you have the latest version of node.js and npm installed.
23 error If you do, this is most likely a problem with the chatroom-1 package,
23 error not with npm itself.
23 error Tell the author that this fails on your system:
23 error     wdio wdio.conf.js
23 error You can get information on how to open an issue for this project with:
23 error     npm bugs chatroom-1
23 error Or if that isn't available, you can get their info via:
23 error     npm owner ls chatroom-1
23 error There is likely additional logging output above.
24 verbose exit [ 1, true ]
